<?xml version="1.0" encoding="UTF-8"?>
<testsuite name="com.android.knewsapp.security.KeyManagerTest" tests="2" skipped="0" failures="0" errors="0" timestamp="2026-07-28T07:18:15.119Z" hostname="DESKTOP-2NI169U" time="19.821">
  <properties/>
  <testcase name="signData returns a string" classname="com.android.knewsapp.security.KeyManagerTest" time="19.751"/>
  <testcase name="getPublicKey returns a valid string" classname="com.android.knewsapp.security.KeyManagerTest" time="0.07"/>
  <system-out><![CDATA[]]></system-out>
  <system-err><![CDATA[]]></system-err>
</testsuite>
