<?xml version="1.0" encoding="UTF-8"?>
<testsuite name="com.android.knewsapp.news.presentation.news_list.NewsListViewModelTest" tests="6" skipped="0" failures="0" errors="0" timestamp="2026-07-28T07:21:12.014Z" hostname="DESKTOP-2NI169U" time="0.721">
  <properties/>
  <testcase name="loadNews updates error state on failure" classname="com.android.knewsapp.news.presentation.news_list.NewsListViewModelTest" time="0.231"/>
  <testcase name="selectArticle updates selectedArticle and fetches full content" classname="com.android.knewsapp.news.presentation.news_list.NewsListViewModelTest" time="0.026"/>
  <testcase name="setFilters updates state and reloads news" classname="com.android.knewsapp.news.presentation.news_list.NewsListViewModelTest" time="0.027"/>
  <testcase name="initialization loads articles from repository" classname="com.android.knewsapp.news.presentation.news_list.NewsListViewModelTest" time="0.033"/>
  <testcase name="observe connectivity reloads news when becoming available and list is empty" classname="com.android.knewsapp.news.presentation.news_list.NewsListViewModelTest" time="0.05"/>
  <testcase name="searchNews calls repository and updates articles" classname="com.android.knewsapp.news.presentation.news_list.NewsListViewModelTest" time="0.353"/>
  <system-out><![CDATA[]]></system-out>
  <system-err><![CDATA[]]></system-err>
</testsuite>
