<?xml version="1.0" encoding="UTF-8"?>
<testsuite name="com.android.knewsapp.security.KeyManagerTest" tests="2" skipped="0" failures="0" errors="0" timestamp="2026-07-28T07:00:09.844Z" hostname="DESKTOP-2NI169U" time="3.588">
  <properties/>
  <testcase name="signData returns a string" classname="com.android.knewsapp.security.KeyManagerTest" time="3.548"/>
  <testcase name="getPublicKey returns a valid string" classname="com.android.knewsapp.security.KeyManagerTest" time="0.04"/>
  <system-out><![CDATA[]]></system-out>
  <system-err><![CDATA[]]></system-err>
</testsuite>
