<?xml version="1.0" encoding="UTF-8"?>
<testsuite name="com.android.knewsapp.security.JwtUtilsTest" tests="3" skipped="0" failures="0" errors="0" timestamp="2026-07-28T07:00:09.488Z" hostname="DESKTOP-2NI169U" time="0.176">
  <properties/>
  <testcase name="isTokenExpired with invalid token returns true" classname="com.android.knewsapp.security.JwtUtilsTest" time="0.168"/>
  <testcase name="getClaim with invalid token returns null" classname="com.android.knewsapp.security.JwtUtilsTest" time="0.002"/>
  <testcase name="decodeToken with invalid token returns null" classname="com.android.knewsapp.security.JwtUtilsTest" time="0.0"/>
  <system-out><![CDATA[]]></system-out>
  <system-err><![CDATA[]]></system-err>
</testsuite>
