<?xml version="1.0" encoding="UTF-8"?>
<testsuite name="com.android.knewsapp.auth.AuthViewModelTest" tests="3" skipped="0" failures="0" errors="0" timestamp="2026-07-28T06:58:25.635Z" hostname="DESKTOP-2NI169U" time="5.095">
  <properties/>
  <testcase name="initial loading state is checking session" classname="com.android.knewsapp.auth.AuthViewModelTest" time="3.713"/>
  <testcase name="signOut calls sessionManager clearSession" classname="com.android.knewsapp.auth.AuthViewModelTest" time="1.337"/>
  <testcase name="networkStatus reflects connectivityObserver status" classname="com.android.knewsapp.auth.AuthViewModelTest" time="0.039"/>
  <system-out><![CDATA[]]></system-out>
  <system-err><![CDATA[WARNING: A Java agent has been loaded dynamically (D:\gradle-home\.gradle\caches\modules-2\files-2.1\net.bytebuddy\byte-buddy-agent\1.14.17\e3c251a39dc90badaf71c83427ba46840f219d8d\byte-buddy-agent-1.14.17.jar)
WARNING: If a serviceability tool is in use, please run with -XX:+EnableDynamicAgentLoading to hide this warning
WARNING: If a serviceability tool is not in use, please run with -Djdk.instrument.traceUsage for more information
WARNING: Dynamic loading of agents will be disallowed by default in a future release
]]></system-err>
</testsuite>
