<?xml version="1.0" encoding="UTF-8"?>
<testsuite name="com.android.knewsapp.session.SessionManagerTest" tests="3" skipped="0" failures="0" errors="0" timestamp="2026-07-28T07:00:36.493Z" hostname="DESKTOP-2NI169U" time="3.5">
  <properties/>
  <testcase name="userEmail initial state is null" classname="com.android.knewsapp.session.SessionManagerTest" time="3.415"/>
  <testcase name="clearSession clears the datastore" classname="com.android.knewsapp.session.SessionManagerTest" time="0.06"/>
  <testcase name="userEmail returns correct value after manual datastore edit" classname="com.android.knewsapp.session.SessionManagerTest" time="0.018"/>
  <system-out><![CDATA[]]></system-out>
  <system-err><![CDATA[WARNING: A Java agent has been loaded dynamically (D:\gradle-home\.gradle\caches\modules-2\files-2.1\net.bytebuddy\byte-buddy-agent\1.14.17\e3c251a39dc90badaf71c83427ba46840f219d8d\byte-buddy-agent-1.14.17.jar)
WARNING: If a serviceability tool is in use, please run with -XX:+EnableDynamicAgentLoading to hide this warning
WARNING: If a serviceability tool is not in use, please run with -Djdk.instrument.traceUsage for more information
WARNING: Dynamic loading of agents will be disallowed by default in a future release
]]></system-err>
</testsuite>
