<?xml version="1.0" encoding="UTF-8"?>
<testsuite name="com.android.knewsapp.news.presentation.news_list.NewsListViewModelTest" tests="6" skipped="0" failures="0" errors="0" timestamp="2026-07-28T06:59:20.917Z" hostname="DESKTOP-2NI169U" time="0.548">
  <properties/>
  <testcase name="loadNews updates error state on failure" classname="com.android.knewsapp.news.presentation.news_list.NewsListViewModelTest" time="0.272"/>
  <testcase name="selectArticle updates selectedArticle and fetches full content" classname="com.android.knewsapp.news.presentation.news_list.NewsListViewModelTest" time="0.022"/>
  <testcase name="setFilters updates state and reloads news" classname="com.android.knewsapp.news.presentation.news_list.NewsListViewModelTest" time="0.028"/>
  <testcase name="initialization loads articles from repository" classname="com.android.knewsapp.news.presentation.news_list.NewsListViewModelTest" time="0.024"/>
  <testcase name="observe connectivity reloads news when becoming available and list is empty" classname="com.android.knewsapp.news.presentation.news_list.NewsListViewModelTest" time="0.046"/>
  <testcase name="searchNews calls repository and updates articles" classname="com.android.knewsapp.news.presentation.news_list.NewsListViewModelTest" time="0.156"/>
  <system-out><![CDATA[]]></system-out>
  <system-err><![CDATA[]]></system-err>
</testsuite>
