<?xml version="1.0" encoding="UTF-8"?>
<testsuite name="com.android.knewsapp.news.data.mapper.ArticleMapperTest" tests="2" skipped="0" failures="0" errors="0" timestamp="2026-07-28T06:59:19.059Z" hostname="DESKTOP-2NI169U" time="0.035">
  <properties/>
  <testcase name="toArticleEntity maps correctly" classname="com.android.knewsapp.news.data.mapper.ArticleMapperTest" time="0.035"/>
  <testcase name="ArticleEntity toArticle maps correctly" classname="com.android.knewsapp.news.data.mapper.ArticleMapperTest" time="0.0"/>
  <system-out><![CDATA[]]></system-out>
  <system-err><![CDATA[]]></system-err>
</testsuite>
